<?xml version="1.0" encoding="UTF-8"?>
<!-- Generated by org.testng.reporters.JUnitReportReporter -->
<testsuite hostname="DESKTOP-D85A4UU" failures="0" tests="1" name="com.SauceDemoTestClasses.TC03VerifyAddToCartFunctionality" time="0.609" errors="0" timestamp="2022-08-08T00:27:54 IST" skipped="0">
  <testcase classname="com.SauceDemoTestClasses.TC03VerifyAddToCartFunctionality" name="verifyaddtocart" time="0.609"/>
  <system-out/>
</testsuite> <!-- com.SauceDemoTestClasses.TC03VerifyAddToCartFunctionality -->
