<?xml version="1.0" encoding="UTF-8"?>
<!-- Generated by org.testng.reporters.JUnitReportReporter -->
<testsuite hostname="DESKTOP-D85A4UU" failures="0" tests="1" name="com.SauceDemoTestClasses.TC02VerifyLogOutFunctionality" time="0.601" errors="0" timestamp="2022-08-08T00:27:54 IST" skipped="0">
  <testcase classname="com.SauceDemoTestClasses.TC02VerifyLogOutFunctionality" name="verifylogout" time="0.601"/>
  <system-out/>
</testsuite> <!-- com.SauceDemoTestClasses.TC02VerifyLogOutFunctionality -->
