<?xml version="1.0" encoding="UTF-8"?>
<!-- Generated by org.testng.reporters.JUnitReportReporter -->
<testsuite hostname="DESKTOP-D85A4UU" failures="0" tests="1" name="com.SauceDemoTestClasses.TC04VerifyAllProductFunctionality" time="0.864" errors="0" timestamp="2022-08-08T00:27:54 IST" skipped="0">
  <testcase classname="com.SauceDemoTestClasses.TC04VerifyAllProductFunctionality" name="verifyallproducts" time="0.864"/>
  <system-out/>
</testsuite> <!-- com.SauceDemoTestClasses.TC04VerifyAllProductFunctionality -->
